<?xml version="1.0" encoding="UTF-8"?>
<testng-results ignored="0" total="1" passed="1" failed="0" skipped="0">
  <reporter-output>
  </reporter-output>
  <suite started-at="2022-08-25T18:26:15Z" name="Default suite" finished-at="2022-08-25T18:26:17Z" duration-ms="1387">
    <groups>
    </groups>
    <test started-at="2022-08-25T18:26:15Z" name="Default test" finished-at="2022-08-25T18:26:17Z" duration-ms="1387">
      <class name="test.gmaihomepagetest">
        <test-method is-config="true" signature="setup()[pri:0, instance:test.gmaihomepagetest@5026735c]" started-at="2022-08-25T14:26:09Z" name="setup" finished-at="2022-08-25T14:26:15Z" duration-ms="6766" status="PASS">
          <reporter-output>
          </reporter-output>
        </test-method> <!-- setup -->
        <test-method signature="gmailhomepagetest()[pri:0, instance:test.gmaihomepagetest@5026735c]" started-at="2022-08-25T14:26:15Z" name="gmailhomepagetest" finished-at="2022-08-25T14:26:17Z" duration-ms="1366" status="PASS">
          <reporter-output>
          </reporter-output>
        </test-method> <!-- gmailhomepagetest -->
      </class> <!-- test.gmaihomepagetest -->
    </test> <!-- Default test -->
  </suite> <!-- Default suite -->
</testng-results>
